13 poses across 2 states, transits [np.str_('walk'), np.str_('walk')], device cuda, batch 16, pool 2048
motion mask: 26% of pixels move
iter    50  loss 0.08224  5.43 it/s
iter   100  loss 0.08277  5.61 it/s
iter   150  loss 0.07217  5.63 it/s
iter   200  loss 0.06311  5.64 it/s
iter   250  loss 0.07151  5.66 it/s
  checkpoint -> B_res96.nca
iter   300  loss 0.07624  5.69 it/s
iter   350  loss 0.07423  5.70 it/s
iter   400  loss 0.06918  5.71 it/s
iter   450  loss 0.07202  5.71 it/s
iter   500  loss 0.07032  5.71 it/s
  checkpoint -> B_res96.nca
iter   550  loss 0.06554  5.72 it/s
iter   600  loss 0.06836  5.72 it/s
iter   650  loss 0.04966  5.73 it/s
iter   700  loss 0.06279  5.74 it/s
iter   750  loss 0.07430  5.74 it/s
  checkpoint -> B_res96.nca
iter   800  loss 0.05792  5.74 it/s
iter   850  loss 0.05370  5.74 it/s
iter   900  loss 0.06475  5.74 it/s
iter   950  loss 0.06584  5.75 it/s
iter  1000  loss 0.06285  5.75 it/s
  checkpoint -> B_res96.nca
iter  1050  loss 0.05980  5.75 it/s
iter  1100  loss 0.05983  5.75 it/s
iter  1150  loss 0.06770  5.75 it/s
iter  1200  loss 0.06380  5.75 it/s
iter  1250  loss 0.06994  5.75 it/s
  checkpoint -> B_res96.nca
iter  1300  loss 0.05925  5.75 it/s
iter  1350  loss 0.06461  5.75 it/s
iter  1400  loss 0.06620  5.75 it/s
iter  1450  loss 0.05894  5.75 it/s
iter  1500  loss 0.05522  5.75 it/s
  checkpoint -> B_res96.nca
iter  1550  loss 0.06553  5.75 it/s
iter  1600  loss 0.06510  5.75 it/s
iter  1650  loss 0.05800  5.75 it/s
iter  1700  loss 0.04831  5.75 it/s
iter  1750  loss 0.05685  5.75 it/s
  checkpoint -> B_res96.nca
iter  1800  loss 0.06042  5.75 it/s
iter  1850  loss 0.04956  5.75 it/s
iter  1900  loss 0.06116  5.75 it/s
iter  1950  loss 0.05611  5.75 it/s
iter  2000  loss 0.04825  5.75 it/s
  checkpoint -> B_res96.nca
iter  2050  loss 0.05031  5.75 it/s
iter  2100  loss 0.06678  5.75 it/s
iter  2150  loss 0.04563  5.75 it/s
iter  2200  loss 0.04217  5.75 it/s
iter  2250  loss 0.05324  5.75 it/s
  checkpoint -> B_res96.nca
iter  2300  loss 0.04695  5.75 it/s
iter  2350  loss 0.05144  5.75 it/s
iter  2400  loss 0.06104  5.75 it/s
iter  2450  loss 0.04574  5.75 it/s
iter  2500  loss 0.05789  5.75 it/s
  checkpoint -> B_res96.nca
iter  2550  loss 0.03915  5.75 it/s
iter  2600  loss 0.04675  5.75 it/s
iter  2650  loss 0.04705  5.75 it/s
iter  2700  loss 0.06016  5.75 it/s
iter  2750  loss 0.04825  5.75 it/s
  checkpoint -> B_res96.nca
iter  2800  loss 0.04370  5.75 it/s
iter  2850  loss 0.05698  5.75 it/s
iter  2900  loss 0.06196  5.75 it/s
iter  2950  loss 0.04132  5.75 it/s
iter  3000  loss 0.04226  5.75 it/s
  checkpoint -> B_res96.nca
iter  3050  loss 0.04617  5.75 it/s
iter  3100  loss 0.03657  5.75 it/s
iter  3150  loss 0.04872  5.75 it/s
iter  3200  loss 0.03831  5.75 it/s
iter  3250  loss 0.04818  5.75 it/s
  checkpoint -> B_res96.nca
iter  3300  loss 0.04463  5.75 it/s
iter  3350  loss 0.04515  5.75 it/s
iter  3400  loss 0.03991  5.75 it/s
iter  3450  loss 0.04616  5.75 it/s
iter  3500  loss 0.04821  5.75 it/s
  checkpoint -> B_res96.nca
iter  3550  loss 0.04750  5.75 it/s
iter  3600  loss 0.03688  5.75 it/s
iter  3650  loss 0.04750  5.75 it/s
iter  3700  loss 0.04949  5.75 it/s
iter  3750  loss 0.03952  5.75 it/s
  checkpoint -> B_res96.nca
iter  3800  loss 0.03595  5.75 it/s
iter  3850  loss 0.04535  5.75 it/s
iter  3900  loss 0.04775  5.75 it/s
iter  3950  loss 0.04562  5.75 it/s
iter  4000  loss 0.04891  5.75 it/s
  checkpoint -> B_res96.nca
iter  4050  loss 0.04143  5.75 it/s
iter  4100  loss 0.04812  5.75 it/s
iter  4150  loss 0.03915  5.75 it/s
iter  4200  loss 0.04846  5.75 it/s
iter  4250  loss 0.04109  5.75 it/s
  checkpoint -> B_res96.nca
iter  4300  loss 0.04059  5.75 it/s
iter  4350  loss 0.04140  5.75 it/s
iter  4400  loss 0.03438  5.75 it/s
iter  4450  loss 0.03958  5.75 it/s
iter  4500  loss 0.03962  5.75 it/s
  checkpoint -> B_res96.nca
iter  4550  loss 0.04175  5.75 it/s
iter  4600  loss 0.03645  5.75 it/s
iter  4650  loss 0.04455  5.75 it/s
iter  4700  loss 0.04482  5.75 it/s
iter  4750  loss 0.04119  5.75 it/s
  checkpoint -> B_res96.nca
iter  4800  loss 0.04530  5.75 it/s
iter  4850  loss 0.04167  5.75 it/s
iter  4900  loss 0.04217  5.75 it/s
iter  4950  loss 0.03556  5.75 it/s
iter  5000  loss 0.04328  5.75 it/s
  checkpoint -> B_res96.nca
iter  5050  loss 0.03622  5.75 it/s
iter  5100  loss 0.03854  5.75 it/s
iter  5150  loss 0.04515  5.75 it/s
iter  5200  loss 0.03478  5.75 it/s
iter  5250  loss 0.03681  5.75 it/s
  checkpoint -> B_res96.nca
iter  5300  loss 0.03813  5.75 it/s
iter  5350  loss 0.03492  5.75 it/s
iter  5400  loss 0.03267  5.75 it/s
iter  5450  loss 0.03025  5.75 it/s
iter  5500  loss 0.04511  5.75 it/s
  checkpoint -> B_res96.nca
iter  5550  loss 0.03874  5.75 it/s
iter  5600  loss 0.03952  5.75 it/s
iter  5650  loss 0.03508  5.75 it/s
iter  5700  loss 0.04084  5.75 it/s
iter  5750  loss 0.03649  5.75 it/s
  checkpoint -> B_res96.nca
iter  5800  loss 0.04710  5.75 it/s
iter  5850  loss 0.03143  5.75 it/s
iter  5900  loss 0.03725  5.75 it/s
iter  5950  loss 0.03903  5.75 it/s
iter  6000  loss 0.03899  5.75 it/s
  checkpoint -> B_res96.nca
iter  6050  loss 0.03416  5.75 it/s
iter  6100  loss 0.03837  5.75 it/s
iter  6150  loss 0.04446  5.75 it/s
iter  6200  loss 0.03364  5.75 it/s
iter  6250  loss 0.04214  5.75 it/s
  checkpoint -> B_res96.nca
iter  6300  loss 0.04181  5.75 it/s
iter  6350  loss 0.03023  5.75 it/s
iter  6400  loss 0.03231  5.75 it/s
iter  6450  loss 0.03578  5.75 it/s
iter  6500  loss 0.03295  5.75 it/s
  checkpoint -> B_res96.nca
iter  6550  loss 0.04294  5.75 it/s
iter  6600  loss 0.03376  5.75 it/s
iter  6650  loss 0.04503  5.75 it/s
iter  6700  loss 0.05151  5.75 it/s
iter  6750  loss 0.03517  5.75 it/s
  checkpoint -> B_res96.nca
iter  6800  loss 0.03052  5.76 it/s
iter  6850  loss 0.03984  5.76 it/s
iter  6900  loss 0.03476  5.76 it/s
iter  6950  loss 0.04013  5.75 it/s
iter  7000  loss 0.03725  5.75 it/s
  checkpoint -> B_res96.nca
iter  7050  loss 0.04742  5.75 it/s
iter  7100  loss 0.04263  5.75 it/s
iter  7150  loss 0.04408  5.76 it/s
iter  7200  loss 0.03594  5.76 it/s
iter  7250  loss 0.04507  5.75 it/s
  checkpoint -> B_res96.nca
iter  7300  loss 0.03817  5.75 it/s
iter  7350  loss 0.04714  5.76 it/s
iter  7400  loss 0.03410  5.76 it/s
iter  7450  loss 0.04553  5.76 it/s
iter  7500  loss 0.03080  5.76 it/s
  checkpoint -> B_res96.nca
iter  7550  loss 0.03528  5.75 it/s
iter  7600  loss 0.03199  5.76 it/s
iter  7650  loss 0.03265  5.76 it/s
iter  7700  loss 0.04310  5.76 it/s
iter  7750  loss 0.03499  5.76 it/s
  checkpoint -> B_res96.nca
iter  7800  loss 0.04070  5.76 it/s
iter  7850  loss 0.03338  5.76 it/s
iter  7900  loss 0.03290  5.76 it/s
iter  7950  loss 0.03980  5.76 it/s
iter  8000  loss 0.03561  5.76 it/s
  checkpoint -> B_res96.nca
iter  8050  loss 0.03248  5.76 it/s
iter  8100  loss 0.03082  5.76 it/s
iter  8150  loss 0.03403  5.76 it/s
iter  8200  loss 0.03390  5.76 it/s
iter  8250  loss 0.03915  5.76 it/s
  checkpoint -> B_res96.nca
iter  8300  loss 0.03459  5.76 it/s
iter  8350  loss 0.03870  5.76 it/s
iter  8400  loss 0.04080  5.76 it/s
iter  8450  loss 0.03488  5.76 it/s
iter  8500  loss 0.03687  5.76 it/s
  checkpoint -> B_res96.nca
iter  8550  loss 0.03245  5.76 it/s
iter  8600  loss 0.03675  5.75 it/s
iter  8650  loss 0.03806  5.75 it/s
iter  8700  loss 0.03312  5.75 it/s
iter  8750  loss 0.02825  5.75 it/s
  checkpoint -> B_res96.nca
iter  8800  loss 0.03334  5.75 it/s
iter  8850  loss 0.03020  5.75 it/s
iter  8900  loss 0.04167  5.75 it/s
iter  8950  loss 0.03970  5.75 it/s
iter  9000  loss 0.03963  5.75 it/s
  checkpoint -> B_res96.nca
iter  9050  loss 0.03312  5.75 it/s
iter  9100  loss 0.03295  5.75 it/s
iter  9150  loss 0.03395  5.75 it/s
iter  9200  loss 0.02981  5.75 it/s
iter  9250  loss 0.02821  5.76 it/s
  checkpoint -> B_res96.nca
iter  9300  loss 0.03136  5.76 it/s
iter  9350  loss 0.03207  5.75 it/s
iter  9400  loss 0.03386  5.75 it/s
iter  9450  loss 0.04315  5.75 it/s
iter  9500  loss 0.02953  5.75 it/s
  checkpoint -> B_res96.nca
iter  9550  loss 0.03473  5.75 it/s
iter  9600  loss 0.03472  5.75 it/s
iter  9650  loss 0.03520  5.75 it/s
iter  9700  loss 0.02809  5.75 it/s
iter  9750  loss 0.03017  5.75 it/s
  checkpoint -> B_res96.nca
iter  9800  loss 0.03136  5.75 it/s
iter  9850  loss 0.04335  5.75 it/s
iter  9900  loss 0.03339  5.75 it/s
iter  9950  loss 0.03535  5.75 it/s
iter 10000  loss 0.03021  5.75 it/s
  checkpoint -> B_res96.nca
iter 10050  loss 0.03397  5.75 it/s
iter 10100  loss 0.02798  5.75 it/s
iter 10150  loss 0.03359  5.76 it/s
iter 10200  loss 0.03384  5.76 it/s
iter 10250  loss 0.03686  5.76 it/s
  checkpoint -> B_res96.nca
iter 10300  loss 0.03491  5.76 it/s
iter 10350  loss 0.03134  5.75 it/s
iter 10400  loss 0.04369  5.75 it/s
iter 10450  loss 0.03331  5.75 it/s
iter 10500  loss 0.02720  5.75 it/s
  checkpoint -> B_res96.nca
iter 10550  loss 0.03551  5.75 it/s
iter 10600  loss 0.02973  5.75 it/s
iter 10650  loss 0.04162  5.75 it/s
iter 10700  loss 0.03042  5.75 it/s
iter 10750  loss 0.03243  5.75 it/s
  checkpoint -> B_res96.nca
iter 10800  loss 0.03290  5.75 it/s
iter 10850  loss 0.03313  5.75 it/s
iter 10900  loss 0.02901  5.75 it/s
iter 10950  loss 0.02550  5.75 it/s
iter 11000  loss 0.03264  5.75 it/s
  checkpoint -> B_res96.nca
iter 11050  loss 0.02977  5.75 it/s
iter 11100  loss 0.03625  5.75 it/s
iter 11150  loss 0.02993  5.75 it/s
iter 11200  loss 0.03317  5.75 it/s
iter 11250  loss 0.02972  5.75 it/s
  checkpoint -> B_res96.nca
iter 11300  loss 0.03249  5.75 it/s
iter 11350  loss 0.03246  5.75 it/s
iter 11400  loss 0.03307  5.75 it/s
iter 11450  loss 0.03520  5.75 it/s
iter 11500  loss 0.02953  5.75 it/s
  checkpoint -> B_res96.nca
iter 11550  loss 0.03527  5.75 it/s
iter 11600  loss 0.03180  5.76 it/s
iter 11650  loss 0.03115  5.75 it/s
iter 11700  loss 0.03154  5.75 it/s
iter 11750  loss 0.02929  5.75 it/s
  checkpoint -> B_res96.nca
iter 11800  loss 0.03241  5.75 it/s
iter 11850  loss 0.02724  5.75 it/s
iter 11900  loss 0.03188  5.75 it/s
iter 11950  loss 0.03576  5.75 it/s
iter 12000  loss 0.03789  5.75 it/s
  checkpoint -> B_res96.nca
iter 12050  loss 0.03047  5.75 it/s
iter 12100  loss 0.03091  5.75 it/s
iter 12150  loss 0.03487  5.75 it/s
iter 12200  loss 0.02999  5.75 it/s
iter 12250  loss 0.03200  5.75 it/s
  checkpoint -> B_res96.nca
iter 12300  loss 0.03179  5.75 it/s
iter 12350  loss 0.02953  5.75 it/s
iter 12400  loss 0.03008  5.75 it/s
iter 12450  loss 0.02715  5.75 it/s
iter 12500  loss 0.03964  5.75 it/s
  checkpoint -> B_res96.nca
iter 12550  loss 0.02550  5.75 it/s
iter 12600  loss 0.03063  5.75 it/s
iter 12650  loss 0.02634  5.75 it/s
iter 12700  loss 0.02750  5.75 it/s
iter 12750  loss 0.02545  5.75 it/s
  checkpoint -> B_res96.nca
iter 12800  loss 0.03569  5.75 it/s
iter 12850  loss 0.03108  5.75 it/s
iter 12900  loss 0.03565  5.75 it/s
iter 12950  loss 0.03816  5.75 it/s
iter 13000  loss 0.03657  5.75 it/s
  checkpoint -> B_res96.nca
iter 13050  loss 0.03968  5.75 it/s
iter 13100  loss 0.03005  5.75 it/s
iter 13150  loss 0.03805  5.75 it/s
iter 13200  loss 0.03644  5.75 it/s
iter 13250  loss 0.03068  5.75 it/s
  checkpoint -> B_res96.nca
iter 13300  loss 0.03441  5.75 it/s
iter 13350  loss 0.03500  5.75 it/s
iter 13400  loss 0.03079  5.75 it/s
iter 13450  loss 0.03869  5.75 it/s
iter 13500  loss 0.03761  5.75 it/s
  checkpoint -> B_res96.nca
iter 13550  loss 0.03085  5.75 it/s
iter 13600  loss 0.03377  5.75 it/s
iter 13650  loss 0.03374  5.75 it/s
iter 13700  loss 0.03635  5.75 it/s
iter 13750  loss 0.02977  5.75 it/s
  checkpoint -> B_res96.nca
iter 13800  loss 0.03668  5.75 it/s
iter 13850  loss 0.03317  5.75 it/s
iter 13900  loss 0.03214  5.75 it/s
iter 13950  loss 0.04068  5.75 it/s
iter 14000  loss 0.03011  5.75 it/s
  checkpoint -> B_res96.nca
iter 14050  loss 0.03366  5.75 it/s
iter 14100  loss 0.03421  5.75 it/s
iter 14150  loss 0.02715  5.75 it/s
iter 14200  loss 0.03161  5.75 it/s
iter 14250  loss 0.03554  5.75 it/s
  checkpoint -> B_res96.nca
iter 14300  loss 0.03150  5.75 it/s
iter 14350  loss 0.03317  5.75 it/s
iter 14400  loss 0.04273  5.75 it/s
iter 14450  loss 0.03468  5.75 it/s
iter 14500  loss 0.04121  5.75 it/s
  checkpoint -> B_res96.nca
iter 14550  loss 0.03619  5.75 it/s
iter 14600  loss 0.03563  5.75 it/s
iter 14650  loss 0.03503  5.75 it/s
iter 14700  loss 0.03561  5.75 it/s
iter 14750  loss 0.03229  5.75 it/s
  checkpoint -> B_res96.nca
iter 14800  loss 0.03473  5.75 it/s
iter 14850  loss 0.03948  5.75 it/s
iter 14900  loss 0.03152  5.75 it/s
iter 14950  loss 0.03073  5.75 it/s
iter 15000  loss 0.03459  5.75 it/s
  checkpoint -> B_res96.nca
iter 15050  loss 0.03517  5.75 it/s
iter 15100  loss 0.02803  5.75 it/s
iter 15150  loss 0.03241  5.75 it/s
iter 15200  loss 0.03471  5.75 it/s
iter 15250  loss 0.03690  5.75 it/s
  checkpoint -> B_res96.nca
iter 15300  loss 0.02859  5.75 it/s
iter 15350  loss 0.03393  5.75 it/s
iter 15400  loss 0.03292  5.75 it/s
iter 15450  loss 0.04516  5.75 it/s
iter 15500  loss 0.04035  5.75 it/s
  checkpoint -> B_res96.nca
iter 15550  loss 0.03915  5.75 it/s
iter 15600  loss 0.03709  5.75 it/s
iter 15650  loss 0.03163  5.75 it/s
iter 15700  loss 0.03577  5.75 it/s
iter 15750  loss 0.02939  5.75 it/s
  checkpoint -> B_res96.nca
iter 15800  loss 0.02861  5.75 it/s
iter 15850  loss 0.02993  5.75 it/s
iter 15900  loss 0.03418  5.75 it/s
iter 15950  loss 0.04145  5.75 it/s
iter 16000  loss 0.03764  5.75 it/s
  checkpoint -> B_res96.nca
iter 16050  loss 0.03732  5.75 it/s
iter 16100  loss 0.02879  5.75 it/s
iter 16150  loss 0.02612  5.75 it/s
iter 16200  loss 0.03337  5.75 it/s
iter 16250  loss 0.03671  5.75 it/s
  checkpoint -> B_res96.nca
iter 16300  loss 0.03377  5.74 it/s
iter 16350  loss 0.02680  5.74 it/s
iter 16400  loss 0.03842  5.74 it/s
iter 16450  loss 0.03285  5.74 it/s
iter 16500  loss 0.03810  5.73 it/s
  checkpoint -> B_res96.nca
iter 16550  loss 0.03389  5.73 it/s
iter 16600  loss 0.03841  5.73 it/s
iter 16650  loss 0.02947  5.73 it/s
iter 16700  loss 0.03399  5.72 it/s
iter 16750  loss 0.03310  5.72 it/s
  checkpoint -> B_res96.nca
iter 16800  loss 0.03417  5.72 it/s
iter 16850  loss 0.04074  5.72 it/s
iter 16900  loss 0.03377  5.71 it/s
iter 16950  loss 0.04060  5.71 it/s
iter 17000  loss 0.03315  5.71 it/s
  checkpoint -> B_res96.nca
iter 17050  loss 0.02961  5.71 it/s
iter 17100  loss 0.03661  5.70 it/s
iter 17150  loss 0.02980  5.70 it/s
iter 17200  loss 0.04263  5.70 it/s
iter 17250  loss 0.03550  5.70 it/s
  checkpoint -> B_res96.nca
iter 17300  loss 0.02983  5.70 it/s
iter 17350  loss 0.03732  5.69 it/s
iter 17400  loss 0.02843  5.69 it/s
iter 17450  loss 0.03043  5.69 it/s
iter 17500  loss 0.03404  5.69 it/s
  checkpoint -> B_res96.nca
iter 17550  loss 0.03002  5.69 it/s
iter 17600  loss 0.04299  5.68 it/s
iter 17650  loss 0.03521  5.68 it/s
iter 17700  loss 0.03359  5.68 it/s
iter 17750  loss 0.03465  5.68 it/s
  checkpoint -> B_res96.nca
iter 17800  loss 0.03083  5.68 it/s
iter 17850  loss 0.03136  5.67 it/s
iter 17900  loss 0.03460  5.67 it/s
iter 17950  loss 0.08901  5.67 it/s
iter 18000  loss 0.04018  5.67 it/s
  checkpoint -> B_res96.nca
iter 18050  loss 0.05257  5.67 it/s
iter 18100  loss 0.04510  5.66 it/s
iter 18150  loss 0.04927  5.66 it/s
iter 18200  loss 0.03455  5.66 it/s
iter 18250  loss 0.04839  5.66 it/s
  checkpoint -> B_res96.nca
iter 18300  loss 0.04054  5.66 it/s
iter 18350  loss 0.03558  5.65 it/s
iter 18400  loss 0.03960  5.65 it/s
iter 18450  loss 0.04294  5.65 it/s
iter 18500  loss 0.04507  5.65 it/s
  checkpoint -> B_res96.nca
iter 18550  loss 0.03852  5.65 it/s
iter 18600  loss 0.04580  5.64 it/s
iter 18650  loss 0.03386  5.64 it/s
iter 18700  loss 0.03153  5.64 it/s
iter 18750  loss 0.03434  5.64 it/s
  checkpoint -> B_res96.nca
iter 18800  loss 0.04299  5.64 it/s
iter 18850  loss 0.03489  5.64 it/s
iter 18900  loss 0.03320  5.63 it/s
iter 18950  loss 0.04044  5.63 it/s
iter 19000  loss 0.04630  5.63 it/s
  checkpoint -> B_res96.nca
iter 19050  loss 0.03306  5.63 it/s
iter 19100  loss 0.04783  5.63 it/s
iter 19150  loss 0.04290  5.62 it/s
iter 19200  loss 0.03505  5.62 it/s
iter 19250  loss 0.05049  5.62 it/s
  checkpoint -> B_res96.nca
iter 19300  loss 0.03416  5.62 it/s
iter 19350  loss 0.03725  5.62 it/s
iter 19400  loss 0.03485  5.62 it/s
iter 19450  loss 0.03746  5.61 it/s
iter 19500  loss 0.04105  5.61 it/s
  checkpoint -> B_res96.nca
iter 19550  loss 0.03244  5.61 it/s
iter 19600  loss 0.03283  5.61 it/s
iter 19650  loss 0.04239  5.61 it/s
iter 19700  loss 0.04038  5.61 it/s
iter 19750  loss 0.03472  5.60 it/s
  checkpoint -> B_res96.nca
