13 poses across 2 states, transits [np.str_('walk'), np.str_('walk')], device mps, batch 8, pool 1024
motion mask: 26% of pixels move
pooled: 4 global feedback channels
iter    50  loss 0.07841  0.50 it/s
iter   100  loss 0.04821  0.48 it/s
iter   150  loss 0.03994  0.46 it/s
iter   200  loss 0.04245  0.45 it/s
iter   250  loss 0.04683  0.45 it/s
  checkpoint -> ../weights/G_pooled96.nca
iter   300  loss 0.04548  0.45 it/s
iter   350  loss 0.03517  0.45 it/s
iter   400  loss 0.04150  0.45 it/s
iter   450  loss 0.03915  0.45 it/s
iter   500  loss 0.03149  0.44 it/s
  checkpoint -> ../weights/G_pooled96.nca
iter   550  loss 0.04212  0.46 it/s
iter   600  loss 0.03433  0.47 it/s
iter   650  loss 0.04075  0.47 it/s
iter   700  loss 0.04032  0.48 it/s
iter   750  loss 0.03917  0.49 it/s
  checkpoint -> ../weights/G_pooled96.nca
iter   800  loss 0.03034  0.50 it/s
iter   850  loss 0.03511  0.50 it/s
